Determining if the pthread_create exist failed with the following output:
Change Dir: /home/selim/catkin_ws/build/CMakeFiles/CMakeTmp

Run Build Command:"/usr/bin/make" "cmTC_509c6/fast"
/usr/bin/make -f CMakeFiles/cmTC_509c6.dir/build.make CMakeFiles/cmTC_509c6.dir/build
make[1]: Entering directory '/home/selim/catkin_ws/build/CMakeFiles/CMakeTmp'
Building C object CMakeFiles/cmTC_509c6.dir/CheckSymbolExists.c.o
/usr/bin/cc    -o CMakeFiles/cmTC_509c6.dir/CheckSymbolExists.c.o   -c /home/selim/catkin_ws/build/CMakeFiles/CMakeTmp/CheckSymbolExists.c
Linking C executable cmTC_509c6
/usr/bin/cmake -E cmake_link_script CMakeFiles/cmTC_509c6.dir/link.txt --verbose=1
/usr/bin/cc      -rdynamic CMakeFiles/cmTC_509c6.dir/CheckSymbolExists.c.o  -o cmTC_509c6 
CMakeFiles/cmTC_509c6.dir/CheckSymbolExists.c.o: `main' fonksiyonunda:
CheckSymbolExists.c:(.text+0x1b): `pthread_create'ye tanımsız başvuru
collect2: error: ld returned 1 exit status
CMakeFiles/cmTC_509c6.dir/build.make:97: recipe for target 'cmTC_509c6' failed
make[1]: *** [cmTC_509c6] Error 1
make[1]: Leaving directory '/home/selim/catkin_ws/build/CMakeFiles/CMakeTmp'
Makefile:126: recipe for target 'cmTC_509c6/fast' failed
make: *** [cmTC_509c6/fast] Error 2

File /home/selim/catkin_ws/build/CMakeFiles/CMakeTmp/CheckSymbolExists.c:
/* */
#include <pthread.h>

int main(int argc, char** argv)
{
  (void)argv;
#ifndef pthread_create
  return ((int*)(&pthread_create))[argc];
#else
  (void)argc;
  return 0;
#endif
}

Determining if the function pthread_create exists in the pthreads failed with the following output:
Change Dir: /home/selim/catkin_ws/build/CMakeFiles/CMakeTmp

Run Build Command:"/usr/bin/make" "cmTC_7c558/fast"
/usr/bin/make -f CMakeFiles/cmTC_7c558.dir/build.make CMakeFiles/cmTC_7c558.dir/build
make[1]: Entering directory '/home/selim/catkin_ws/build/CMakeFiles/CMakeTmp'
Building C object CMakeFiles/cmTC_7c558.dir/CheckFunctionExists.c.o
/usr/bin/cc   -DCHECK_FUNCTION_EXISTS=pthread_create   -o CMakeFiles/cmTC_7c558.dir/CheckFunctionExists.c.o   -c /usr/share/cmake-3.10/Modules/CheckFunctionExists.c
Linking C executable cmTC_7c558
/usr/bin/cmake -E cmake_link_script CMakeFiles/cmTC_7c558.dir/link.txt --verbose=1
/usr/bin/cc  -DCHECK_FUNCTION_EXISTS=pthread_create    -rdynamic CMakeFiles/cmTC_7c558.dir/CheckFunctionExists.c.o  -o cmTC_7c558 -lpthreads 
/usr/bin/ld: -lpthreads bulunamadı
collect2: error: ld returned 1 exit status
CMakeFiles/cmTC_7c558.dir/build.make:97: recipe for target 'cmTC_7c558' failed
make[1]: *** [cmTC_7c558] Error 1
make[1]: Leaving directory '/home/selim/catkin_ws/build/CMakeFiles/CMakeTmp'
Makefile:126: recipe for target 'cmTC_7c558/fast' failed
make: *** [cmTC_7c558/fast] Error 2


